<?xml version="1.0" encoding="UTF-8"?>
<!-- Generated by org.testng.reporters.JUnitReportReporter -->
<testsuite hostname="DESKTOP-JNHK7VF" failures="0" tests="4" name="testng_study.Enabled_Use" time="0.040" errors="0" timestamp="2023-12-20T20:56:47 IST" skipped="1">
  <testcase classname="testng_study.Enabled_Use" name="b" time="0.017">
    <system-out>
      <![CDATA[TC b Is Running]]>
    </system-out>
  </testcase> <!-- b -->
  <testcase classname="testng_study.Enabled_Use" name="c" time="0.008">
    <system-out>
      <![CDATA[TC c Is Running]]>
    </system-out>
  </testcase> <!-- c -->
  <testcase classname="testng_study.Enabled_Use" name="d" time="0.015">
    <system-out>
      <![CDATA[TC d Is Running]]>
    </system-out>
  </testcase> <!-- d -->
  <testcase classname="testng_study.Enabled_Use" name="a">
    <skipped/>
  </testcase> <!-- a -->
  <system-out>
    <![CDATA[TC b Is Running
TC c Is Running
TC d Is Running]]>
  </system-out>
</testsuite> <!-- testng_study.Enabled_Use -->
