<?xml version="1.0" encoding="UTF-8"?>
<!-- Generated by org.testng.reporters.JUnitReportReporter -->
<testsuite hostname="DESKTOP-JNHK7VF" failures="0" tests="8" name="testng_keywords.MixedKeywords" time="4.322" errors="0" timestamp="2023-12-21T16:15:09 IST" skipped="0">
  <testcase classname="testng_keywords.MixedKeywords" name="f" time="0.036">
    <system-out>
      <![CDATA[Tc F is Running]]>
    </system-out>
  </testcase> <!-- f -->
  <testcase classname="testng_keywords.MixedKeywords" name="d" time="0.014">
    <system-out>
      <![CDATA[Tc D is Running]]>
    </system-out>
  </testcase> <!-- d -->
  <testcase classname="testng_keywords.MixedKeywords" name="e" time="4.235">
    <system-out>
      <![CDATA[Tc E is Running]]>
    </system-out>
  </testcase> <!-- e -->
  <testcase classname="testng_keywords.MixedKeywords" name="d" time="0.017">
    <system-out>
      <![CDATA[Tc D is Running]]>
    </system-out>
  </testcase> <!-- d -->
  <testcase classname="testng_keywords.MixedKeywords" name="c" time="0.010">
    <system-out>
      <![CDATA[Tc C is Running]]>
    </system-out>
  </testcase> <!-- c -->
  <testcase classname="testng_keywords.MixedKeywords" name="d" time="0.004">
    <system-out>
      <![CDATA[Tc D is Running]]>
    </system-out>
  </testcase> <!-- d -->
  <testcase classname="testng_keywords.MixedKeywords" name="b" time="0.003">
    <system-out>
      <![CDATA[Tc B is Running]]>
    </system-out>
  </testcase> <!-- b -->
  <testcase classname="testng_keywords.MixedKeywords" name="a" time="0.003">
    <system-out>
      <![CDATA[Tc A is Running]]>
    </system-out>
  </testcase> <!-- a -->
  <system-out>
    <![CDATA[Tc F is Running
Tc B is Running
Tc C is Running
Tc D is Running
Tc D is Running
Tc D is Running
Tc A is Running
Tc E is Running]]>
  </system-out>
</testsuite> <!-- testng_keywords.MixedKeywords -->
