<?xml version="1.0" encoding="UTF-8"?>
<!-- Generated by org.testng.reporters.JUnitReportReporter -->
<testsuite hostname="DESKTOP-JNHK7VF" failures="0" tests="4" name="testng_keywords.TimeOut_Keyword_Use" time="0.110" errors="0" timestamp="2023-12-19T23:57:04 IST" skipped="0">
  <testcase classname="testng_keywords.TimeOut_Keyword_Use" name="a" time="0.045">
    <system-out>
      <![CDATA[a is playing]]>
    </system-out>
  </testcase> <!-- a -->
  <testcase classname="testng_keywords.TimeOut_Keyword_Use" name="b" time="0.047">
    <system-out>
      <![CDATA[b is cheating]]>
    </system-out>
  </testcase> <!-- b -->
  <testcase classname="testng_keywords.TimeOut_Keyword_Use" name="c" time="0.010">
    <system-out>
      <![CDATA[c is playing with emotions]]>
    </system-out>
  </testcase> <!-- c -->
  <testcase classname="testng_keywords.TimeOut_Keyword_Use" name="d" time="0.008">
    <system-out>
      <![CDATA[d is playing with me ]]>
    </system-out>
  </testcase> <!-- d -->
  <system-out>
    <![CDATA[a is playing
b is cheating
c is playing with emotions
d is playing with me ]]>
  </system-out>
</testsuite> <!-- testng_keywords.TimeOut_Keyword_Use -->
