<?xml version="1.0" encoding="UTF-8"?>
<!-- Generated by org.testng.reporters.JUnitReportReporter -->
<testsuite hostname="DESKTOP-JNHK7VF" failures="0" tests="2" name="testng_study.ALL_Annotaions_Use" time="0.020" errors="0" timestamp="2023-12-20T18:48:33 IST" skipped="0">
  <testcase classname="testng_study.ALL_Annotaions_Use" name="demo1" time="0.014">
    <system-out>
      <![CDATA[demo1 is Running]]>
    </system-out>
  </testcase> <!-- demo1 -->
  <testcase classname="testng_study.ALL_Annotaions_Use" name="demo2" time="0.006">
    <system-out>
      <![CDATA[demo2 is Running]]>
    </system-out>
  </testcase> <!-- demo2 -->
  <system-out>
    <![CDATA[before suit is Running
before test is Running
before class is Running
before method is Running
demo1 is Running
after method is Running
before method is Running
demo2 is Running
after method is Running
after class is Running
after test is Running
after suite is Running]]>
  </system-out>
</testsuite> <!-- testng_study.ALL_Annotaions_Use -->
