<?xml version="1.0" encoding="UTF-8"?>
<!-- Generated by org.testng.reporters.JUnitReportReporter -->
<testsuite hostname="DESKTOP-JNHK7VF" failures="0" tests="1" name="serialandparellelexecution.Flipkartclass" time="42.359" errors="0" timestamp="2023-12-27T15:45:29 IST" skipped="0">
  <testcase classname="serialandparellelexecution.Flipkartclass" name="flipkartTest" time="42.359"/>
</testsuite> <!-- serialandparellelexecution.Flipkartclass -->
