<?xml version="1.0" encoding="UTF-8"?>
<!-- Generated by org.testng.reporters.JUnitReportReporter -->
<testsuite hostname="DESKTOP-JNHK7VF" failures="0" tests="4" name="testng_keywords.DependsOnMethods_Study" time="0.045" errors="0" timestamp="2023-12-21T16:13:08 IST" skipped="0">
  <testcase classname="testng_keywords.DependsOnMethods_Study" name="a" time="0.005">
    <system-out>
      <![CDATA[TC a is running ]]>
    </system-out>
  </testcase> <!-- a -->
  <testcase classname="testng_keywords.DependsOnMethods_Study" name="d" time="0.015">
    <system-out>
      <![CDATA[TC d is running ]]>
    </system-out>
  </testcase> <!-- d -->
  <testcase classname="testng_keywords.DependsOnMethods_Study" name="b" time="0.021">
    <system-out>
      <![CDATA[TC b is running ]]>
    </system-out>
  </testcase> <!-- b -->
  <testcase classname="testng_keywords.DependsOnMethods_Study" name="c" time="0.004">
    <system-out>
      <![CDATA[TC c is running ]]>
    </system-out>
  </testcase> <!-- c -->
  <system-out>
    <![CDATA[TC b is running 
TC c is running 
TC d is running 
TC a is running ]]>
  </system-out>
</testsuite> <!-- testng_keywords.DependsOnMethods_Study -->
