<?xml version="1.0" encoding="UTF-8"?>
<!-- Generated by org.testng.reporters.JUnitReportReporter -->
<testsuite hostname="DESKTOP-JNHK7VF" failures="0" tests="4" name="testngxml_study.MyClass1" time="0.038" errors="0" timestamp="2023-12-22T15:27:29 IST" skipped="0">
  <testcase classname="testngxml_study.MyClass1" name="Tc4" time="0.002">
    <system-out>
      <![CDATA[Tc4 is Running]]>
    </system-out>
  </testcase> <!-- Tc4 -->
  <testcase classname="testngxml_study.MyClass1" name="Tc3" time="0.009">
    <system-out>
      <![CDATA[Tc3 is Running]]>
    </system-out>
  </testcase> <!-- Tc3 -->
  <testcase classname="testngxml_study.MyClass1" name="Tc1" time="0.019">
    <system-out>
      <![CDATA[Tc1 is Running]]>
    </system-out>
  </testcase> <!-- Tc1 -->
  <testcase classname="testngxml_study.MyClass1" name="Tc2" time="0.008">
    <system-out>
      <![CDATA[Tc2 is Running]]>
    </system-out>
  </testcase> <!-- Tc2 -->
  <system-out>
    <![CDATA[Tc1 is Running
Tc2 is Running
Tc3 is Running
Tc4 is Running
Tc5 is Running
Tc6 is Running
Tc7 is Running
Tc8 is Running]]>
  </system-out>
</testsuite> <!-- testngxml_study.MyClass1 -->
