<?xml version="1.0" encoding="UTF-8"?>
<!-- Generated by org.testng.reporters.JUnitReportReporter -->
<testsuite hostname="DESKTOP-JNHK7VF" failures="0" tests="1" name="serialandparellelexecution.Ajioclass" time="41.144" errors="0" timestamp="2023-12-27T15:45:28 IST" skipped="0">
  <testcase classname="serialandparellelexecution.Ajioclass" name="ajioTest" time="41.144"/>
</testsuite> <!-- serialandparellelexecution.Ajioclass -->
