<?xml version="1.0" encoding="UTF-8"?>
<!-- Generated by org.testng.reporters.JUnitReportReporter -->
<testsuite hostname="DESKTOP-JNHK7VF" failures="0" tests="4" name="testng_study.DependsOnMethods_Study" time="0.028" errors="0" timestamp="2023-12-20T21:11:56 IST" skipped="0">
  <testcase classname="testng_study.DependsOnMethods_Study" name="d" time="0.003">
    <system-out>
      <![CDATA[TC d is running ]]>
    </system-out>
  </testcase> <!-- d -->
  <testcase classname="testng_study.DependsOnMethods_Study" name="b" time="0.017">
    <system-out>
      <![CDATA[TC b is running ]]>
    </system-out>
  </testcase> <!-- b -->
  <testcase classname="testng_study.DependsOnMethods_Study" name="a" time="0.004">
    <system-out>
      <![CDATA[TC a is running ]]>
    </system-out>
  </testcase> <!-- a -->
  <testcase classname="testng_study.DependsOnMethods_Study" name="c" time="0.004">
    <system-out>
      <![CDATA[TC c is running ]]>
    </system-out>
  </testcase> <!-- c -->
  <system-out>
    <![CDATA[TC b is running 
TC c is running 
TC d is running 
TC a is running ]]>
  </system-out>
</testsuite> <!-- testng_study.DependsOnMethods_Study -->
