<?xml version="1.0" encoding="UTF-8"?>
<!-- Generated by org.testng.reporters.JUnitReportReporter -->
<testsuite hostname="DESKTOP-JNHK7VF" failures="0" tests="6" name="testng_keywords.Invocation_Count_Use" time="0.081" errors="0" timestamp="2023-12-19T23:52:47 IST" skipped="0">
  <testcase classname="testng_keywords.Invocation_Count_Use" name="a" time="0.036">
    <system-out>
      <![CDATA[a is playing]]>
    </system-out>
  </testcase> <!-- a -->
  <testcase classname="testng_keywords.Invocation_Count_Use" name="d" time="0.009">
    <system-out>
      <![CDATA[d is playing with me ]]>
    </system-out>
  </testcase> <!-- d -->
  <testcase classname="testng_keywords.Invocation_Count_Use" name="b" time="0.006">
    <system-out>
      <![CDATA[b is cheating]]>
    </system-out>
  </testcase> <!-- b -->
  <testcase classname="testng_keywords.Invocation_Count_Use" name="c" time="0.005">
    <system-out>
      <![CDATA[c is playing with emotions]]>
    </system-out>
  </testcase> <!-- c -->
  <testcase classname="testng_keywords.Invocation_Count_Use" name="b" time="0.012">
    <system-out>
      <![CDATA[b is cheating]]>
    </system-out>
  </testcase> <!-- b -->
  <testcase classname="testng_keywords.Invocation_Count_Use" name="b" time="0.013">
    <system-out>
      <![CDATA[b is cheating]]>
    </system-out>
  </testcase> <!-- b -->
  <system-out>
    <![CDATA[a is playing
b is cheating
b is cheating
b is cheating
c is playing with emotions
d is playing with me ]]>
  </system-out>
</testsuite> <!-- testng_keywords.Invocation_Count_Use -->
