<?xml version="1.0" encoding="UTF-8"?>
<!-- Generated by org.testng.reporters.JUnitReportReporter -->
<testsuite hostname="DESKTOP-JNHK7VF" failures="0" tests="2" name="testNgAssertions.HardAssertStudy" time="0.028" errors="0" timestamp="2023-12-26T17:56:35 IST" skipped="0">
  <testcase classname="testNgAssertions.HardAssertStudy" name="f" time="0.019"/>
  <testcase classname="testNgAssertions.HardAssertStudy" name="m" time="0.009"/>
</testsuite> <!-- testNgAssertions.HardAssertStudy -->
