<?xml version="1.0" encoding="UTF-8"?>
<!-- Generated by org.testng.reporters.JUnitReportReporter -->
<testsuite hostname="DESKTOP-JNHK7VF" failures="0" tests="3" name="testngxml_study.Demo2" time="0.032" errors="0" timestamp="2023-12-22T15:10:38 IST" skipped="0">
  <testcase classname="testngxml_study.Demo2" name="Tc06" time="0.003">
    <system-out>
      <![CDATA[Tc06 is Running]]>
    </system-out>
  </testcase> <!-- Tc06 -->
  <testcase classname="testngxml_study.Demo2" name="Tc08" time="0.002">
    <system-out>
      <![CDATA[Tc08 is Running]]>
    </system-out>
  </testcase> <!-- Tc08 -->
  <testcase classname="testngxml_study.Demo2" name="Tc05" time="0.027">
    <system-out>
      <![CDATA[Tc05 is Running]]>
    </system-out>
  </testcase> <!-- Tc05 -->
  <system-out>
    <![CDATA[Tc05 is Running
Tc06 is Running
Tc08 is Running
Tc01 is Running
Tc04 is Running]]>
  </system-out>
</testsuite> <!-- testngxml_study.Demo2 -->
