<?xml version="1.0" encoding="UTF-8"?>
<!-- Generated by org.testng.reporters.JUnitReportReporter -->
<testsuite hostname="DESKTOP-JNHK7VF" failures="0" tests="1" name="testNgAssertions.AssertTrueFalse" time="0.019" errors="0" timestamp="2023-12-25T19:09:23 IST" skipped="0">
  <testcase classname="testNgAssertions.AssertTrueFalse" name="f" time="0.019"/>
</testsuite> <!-- testNgAssertions.AssertTrueFalse -->
