<?xml version="1.0" encoding="UTF-8"?>
<!-- Generated by org.testng.reporters.JUnitReportReporter -->
<testsuite hostname="DESKTOP-JNHK7VF" failures="0" tests="1" name="serialandparellelexecution.Amazonclass" time="62.184" errors="0" timestamp="2023-12-27T15:45:26 IST" skipped="0">
  <testcase classname="serialandparellelexecution.Amazonclass" name="amazonTest" time="62.184"/>
</testsuite> <!-- serialandparellelexecution.Amazonclass -->
