<?xml version="1.0" encoding="UTF-8"?>
<!-- Generated by org.testng.reporters.JUnitReportReporter -->
<testsuite hostname="DESKTOP-JNHK7VF" failures="0" tests="1" name="testng_study.TestNg_Class2" time="0.032" errors="0" timestamp="2023-12-19T23:32:56 IST" skipped="0">
  <testcase classname="testng_study.TestNg_Class2" name="mymethod" time="0.032">
    <system-out>
      <![CDATA[Hi This Is Reporter Without Boolean Parameter
Hi This is Reporter With Boolean Parameter]]>
    </system-out>
  </testcase> <!-- mymethod -->
  <system-out>
    <![CDATA[Hi This Is Reporter Without Boolean Parameter
Hi This is Reporter With Boolean Parameter]]>
  </system-out>
</testsuite> <!-- testng_study.TestNg_Class2 -->
