<?xml version="1.0" encoding="UTF-8"?>
<!-- Generated by org.testng.reporters.JUnitReportReporter -->
<testsuite hostname="DESKTOP-JNHK7VF" failures="1" tests="4" name="testng_study.MIneClass2" time="0.011" errors="0" timestamp="2024-01-03T15:58:34 IST" skipped="1">
  <testcase classname="testng_study.MIneClass2" name="g" time="0.001">
    <skipped/>
    <system-out>
      <![CDATA[TC g Is Skipped Please Check Dependent Method]]>
    </system-out>
  </testcase> <!-- g -->
  <testcase classname="testng_study.MIneClass2" name="h" time="0.003">
    <system-out>
      <![CDATA[TC h Execution Is Started 
TC h Execution Is Started Listerns2 
Hey h is Running
TC h Is Completed Succussfully Listerns2
TC h Is Completed Succussfully]]>
    </system-out>
  </testcase> <!-- h -->
  <testcase classname="testng_study.MIneClass2" name="e" time="0.004">
    <system-out>
      <![CDATA[TC e Execution Is Started 
TC e Execution Is Started Listerns2 
Hey e is Running
TC e Is Completed Succussfully Listerns2
TC e Is Completed Succussfully]]>
    </system-out>
  </testcase> <!-- e -->
  <testcase classname="testng_study.MIneClass2" name="f" time="0.003">
    <failure message="null" type="java.lang.AssertionError">
      <![CDATA[java.lang.AssertionError: null
at org.testng.Assert.fail(Assert.java:111)
at org.testng.Assert.fail(Assert.java:116)
at testng_study.MIneClass2.f(MIneClass2.java:23)
at java.base/jdk.internal.reflect.NativeMethodAccessorImpl.invoke0(Native Method)
at java.base/jdk.internal.reflect.NativeMethodAccessorImpl.invoke(NativeMethodAccessorImpl.java:77)
at java.base/jdk.internal.reflect.DelegatingMethodAccessorImpl.invoke(DelegatingMethodAccessorImpl.java:43)
at java.base/java.lang.reflect.Method.invoke(Method.java:568)
at org.testng.internal.invokers.MethodInvocationHelper.invokeMethod(MethodInvocationHelper.java:139)
at org.testng.internal.invokers.TestInvoker.invokeMethod(TestInvoker.java:664)
at org.testng.internal.invokers.TestInvoker.invokeTestMethod(TestInvoker.java:227)
at org.testng.internal.invokers.MethodRunner.runInSequence(MethodRunner.java:50)
at org.testng.internal.invokers.TestInvoker$MethodInvocationAgent.invoke(TestInvoker.java:957)
at org.testng.internal.invokers.TestInvoker.invokeTestMethods(TestInvoker.java:200)
at org.testng.internal.invokers.TestMethodWorker.invokeTestMethods(TestMethodWorker.java:148)
at org.testng.internal.invokers.TestMethodWorker.run(TestMethodWorker.java:128)
at java.base/java.util.ArrayList.forEach(ArrayList.java:1511)
at org.testng.TestRunner.privateRun(TestRunner.java:848)
at org.testng.TestRunner.run(TestRunner.java:621)
at org.testng.SuiteRunner.runTest(SuiteRunner.java:443)
at org.testng.SuiteRunner.runSequentially(SuiteRunner.java:437)
at org.testng.SuiteRunner.privateRun(SuiteRunner.java:397)
at org.testng.SuiteRunner.run(SuiteRunner.java:336)
at org.testng.SuiteRunnerWorker.runSuite(SuiteRunnerWorker.java:52)
at org.testng.SuiteRunnerWorker.run(SuiteRunnerWorker.java:95)
at org.testng.TestNG.runSuitesSequentially(TestNG.java:1280)
at org.testng.TestNG.runSuitesLocally(TestNG.java:1200)
at org.testng.TestNG.runSuites(TestNG.java:1114)
at org.testng.TestNG.run(TestNG.java:1082)
at org.testng.remote.AbstractRemoteTestNG.run(AbstractRemoteTestNG.java:115)
at org.testng.remote.RemoteTestNG.initAndRun(RemoteTestNG.java:251)
at org.testng.remote.RemoteTestNG.main(RemoteTestNG.java:77)
]]>
    </failure>
    <system-out>
      <![CDATA[TC f Execution Is Started 
TC f Execution Is Started Listerns2 
TC f Is Failled Please Check Again]]>
    </system-out>
  </testcase> <!-- f -->
  <system-out>
    <![CDATA[TC b Execution Is Started 
TC b Execution Is Started Listerns2 
TC b Is Failled Please Check Again
TC d Execution Is Started 
TC d Execution Is Started Listerns2 
Hey d is Running
TC d Is Completed Succussfully Listerns2
TC d Is Completed Succussfully
TC a Execution Is Started 
TC a Execution Is Started Listerns2 
Hey a is Running
TC a Is Completed Succussfully Listerns2
TC a Is Completed Succussfully
TC c Execution Is Started 
TC c Execution Is Started Listerns2 
TC c Is Skipped Please Check Dependent Method
TC e Execution Is Started 
TC e Execution Is Started Listerns2 
Hey e is Running
TC e Is Completed Succussfully Listerns2
TC e Is Completed Succussfully
TC f Execution Is Started 
TC f Execution Is Started Listerns2 
TC f Is Failled Please Check Again
TC h Execution Is Started 
TC h Execution Is Started Listerns2 
Hey h is Running
TC h Is Completed Succussfully Listerns2
TC h Is Completed Succussfully
TC g Execution Is Started 
TC g Execution Is Started Listerns2 
TC g Is Skipped Please Check Dependent Method]]>
  </system-out>
</testsuite> <!-- testng_study.MIneClass2 -->
