<?xml version="1.0" encoding="UTF-8"?>
<!-- Generated by org.testng.reporters.JUnitReportReporter -->
<testsuite hostname="DESKTOP-JNHK7VF" failures="0" tests="3" name="testng_study.TestNG_Annotations" time="0.013" errors="0" timestamp="2023-12-19T23:07:37 IST" skipped="0">
  <testcase classname="testng_study.TestNG_Annotations" name="y" time="0.004">
    <system-out>
      <![CDATA[TC y IS RUNNING]]>
    </system-out>
  </testcase> <!-- y -->
  <testcase classname="testng_study.TestNG_Annotations" name="x" time="0.006">
    <system-out>
      <![CDATA[TC x IS RUNNING]]>
    </system-out>
  </testcase> <!-- x -->
  <testcase classname="testng_study.TestNG_Annotations" name="z" time="0.003">
    <system-out>
      <![CDATA[TC  z IS RUNNING]]>
    </system-out>
  </testcase> <!-- z -->
  <system-out>
    <![CDATA[Hi This Is Reporter Without Boolean Parameter
Hi This is Reporter With Boolean Parameter
login is successed
Method1 is Running
login-out Done
login is successed
Method2 is Running
login-out Done
Launching saucedemo
login-page is
clicking on add to cart sauce-labs-backpack 
saucedemo logout succesfully done
Browser Closed!
Open Browser Class
Login successful
Tc01 is running
log-out done
Close Browser
Facebook Launching
Instagram Launching
Twiter Launching
TC x IS RUNNING
TC y IS RUNNING
TC  z IS RUNNING
BEFORE CLASS IS RUNNING
BEFORE METHOD IS RUNNING
Running Tc1
AFTERE METHOD IS RUNNING
BEFORE METHOD IS RUNNING
Running Tc2
AFTERE METHOD IS RUNNING
AFTER CLASS IS RUNNING
BEFORE CLASS IS RUNNING
BEFORE METHOD IS RUNNING
Running Tc3
AFTERE METHOD IS RUNNING
BEFORE METHOD IS RUNNING
Running Tc4
AFTERE METHOD IS RUNNING
AFTER CLASS IS RUNNING]]>
  </system-out>
</testsuite> <!-- testng_study.TestNG_Annotations -->
