<?xml version="1.0" encoding="UTF-8"?>
<!-- Generated by org.testng.reporters.JUnitReportReporter -->
<testsuite hostname="DESKTOP-JNHK7VF" failures="0" tests="2" name="testngxml_study.Demo1" time="0.052" errors="0" timestamp="2023-12-22T15:30:00 IST" skipped="0">
  <testcase classname="testngxml_study.Demo1" name="Tc01" time="0.048">
    <system-out>
      <![CDATA[Tc01 is Running]]>
    </system-out>
  </testcase> <!-- Tc01 -->
  <testcase classname="testngxml_study.Demo1" name="Tc04" time="0.004">
    <system-out>
      <![CDATA[Tc04 is Running]]>
    </system-out>
  </testcase> <!-- Tc04 -->
  <system-out>
    <![CDATA[Tc01 is Running
Tc04 is Running]]>
  </system-out>
</testsuite> <!-- testngxml_study.Demo1 -->
