<?xml version="1.0" encoding="UTF-8"?>
<!-- Generated by org.testng.reporters.JUnitReportReporter -->
<testsuite hostname="DESKTOP-JNHK7VF" failures="0" tests="2" name="testng_study.TestClass2" time="0.161" errors="0" timestamp="2023-12-19T23:19:04 IST" skipped="0">
  <testcase classname="testng_study.TestClass2" name="Tc4" time="0.124">
    <system-out>
      <![CDATA[Running Tc4]]>
    </system-out>
  </testcase> <!-- Tc4 -->
  <testcase classname="testng_study.TestClass2" name="Tc3" time="0.037">
    <system-out>
      <![CDATA[Running Tc3]]>
    </system-out>
  </testcase> <!-- Tc3 -->
  <system-out>
    <![CDATA[BEFORE CLASS IS RUNNING
BEFORE METHOD IS RUNNING
Running Tc1
AFTERE METHOD IS RUNNING
BEFORE METHOD IS RUNNING
Running Tc2
AFTERE METHOD IS RUNNING
AFTER CLASS IS RUNNING
BEFORE CLASS IS RUNNING
BEFORE METHOD IS RUNNING
Running Tc3
AFTERE METHOD IS RUNNING
BEFORE METHOD IS RUNNING
Running Tc4
AFTERE METHOD IS RUNNING
AFTER CLASS IS RUNNING]]>
  </system-out>
</testsuite> <!-- testng_study.TestClass2 -->
