<?xml version="1.0" encoding="UTF-8"?>
<!-- Generated by org.testng.reporters.JUnitReportReporter -->
<testsuite hostname="DESKTOP-JNHK7VF" failures="0" tests="1" name="coverFoxUsingTestng.TC_001ValidateCoverFoxPages" time="40.840" errors="0" timestamp="2024-01-02T14:49:07 IST" skipped="0">
  <testcase classname="coverFoxUsingTestng.TC_001ValidateCoverFoxPages" name="validateTestPlansFromTextAndBanners" time="40.840">
    <system-out>
      <![CDATA[Fatching Number Of Result From Text
Fatching Number Of Result From banners
Tc is passed]]>
    </system-out>
  </testcase> <!-- validateTestPlansFromTextAndBanners -->
  <system-out>
    <![CDATA[Opening Browser
Clicking on Gender Button
Clicking On Next Button
Handling Age DropDown
Clicking On Next Button
Entering Pincode
Entering Mobile Number
Clicking On Continue Button
Fatching Number Of Result From Text
Fatching Number Of Result From banners
Tc is passed
Closing Browser]]>
  </system-out>
</testsuite> <!-- coverFoxUsingTestng.TC_001ValidateCoverFoxPages -->
