<?xml version="1.0" encoding="UTF-8"?>
<!-- Generated by org.testng.reporters.JUnitReportReporter -->
<testsuite hostname="DESKTOP-JNHK7VF" failures="0" tests="2" name="testngxml_study.MyClass" time="0.013" errors="0" timestamp="2023-12-22T14:04:58 IST" skipped="0">
  <testcase classname="testngxml_study.MyClass" name="Tc4" time="0.005">
    <system-out>
      <![CDATA[Tc4 is Running]]>
    </system-out>
  </testcase> <!-- Tc4 -->
  <testcase classname="testngxml_study.MyClass" name="Tc1" time="0.008">
    <system-out>
      <![CDATA[Tc1 is Running]]>
    </system-out>
  </testcase> <!-- Tc1 -->
  <system-out>
    <![CDATA[Tc5 is Running
Tc6 is Running
Tc8 is Running
Tc1 is Running
Tc4 is Running]]>
  </system-out>
</testsuite> <!-- testngxml_study.MyClass -->
