<?xml version="1.0" encoding="UTF-8"?>
<!-- Generated by org.testng.reporters.JUnitReportReporter -->
<testsuite hostname="DESKTOP-JNHK7VF" failures="0" tests="1" name="testngxml_study.Faiiledxml_example" time="0.023" errors="0" timestamp="2023-12-23T01:52:02 IST" skipped="0">
  <testcase classname="testngxml_study.Faiiledxml_example" name="TC2" time="0.023">
    <system-out>
      <![CDATA[TC2 is Running]]>
    </system-out>
  </testcase> <!-- TC2 -->
  <system-out>
    <![CDATA[TC2 is Running]]>
  </system-out>
</testsuite> <!-- testngxml_study.Faiiledxml_example -->
