<?xml version="1.0" encoding="UTF-8"?>
<!-- Generated by org.testng.reporters.JUnitReportReporter -->
<testsuite hostname="DESKTOP-JNHK7VF" failures="0" tests="6" name="testng_keywords.PRATICE" time="0.084" errors="0" timestamp="2023-12-21T16:42:56 IST" skipped="0">
  <testcase classname="testng_keywords.PRATICE" name="bhumi" time="0.016">
    <system-out>
      <![CDATA[My name is bhumi]]>
    </system-out>
  </testcase> <!-- bhumi -->
  <testcase classname="testng_keywords.PRATICE" name="emli" time="0.030">
    <system-out>
      <![CDATA[My name is emli]]>
    </system-out>
  </testcase> <!-- emli -->
  <testcase classname="testng_keywords.PRATICE" name="dherya" time="0.008">
    <system-out>
      <![CDATA[My name is dhreya]]>
    </system-out>
  </testcase> <!-- dherya -->
  <testcase classname="testng_keywords.PRATICE" name="Aditi" time="0.013">
    <system-out>
      <![CDATA[My name is Aditi]]>
    </system-out>
  </testcase> <!-- Aditi -->
  <testcase classname="testng_keywords.PRATICE" name="chaitali" time="0.010">
    <system-out>
      <![CDATA[My name is chaitali]]>
    </system-out>
  </testcase> <!-- chaitali -->
  <testcase classname="testng_keywords.PRATICE" name="bhavya" time="0.007">
    <system-out>
      <![CDATA[My name is bhavya]]>
    </system-out>
  </testcase> <!-- bhavya -->
  <system-out>
    <![CDATA[My name is emli
My name is bhavya
My name is chaitali
My name is dhreya
My name is Aditi
My name is bhumi]]>
  </system-out>
</testsuite> <!-- testng_keywords.PRATICE -->
