<?xml version="1.0" encoding="UTF-8"?>
<!-- Generated by org.testng.reporters.JUnitReportReporter -->
<testsuite hostname="DESKTOP-JNHK7VF" failures="0" tests="4" name="testngxml_study.MyClass2" time="0.017" errors="0" timestamp="2023-12-22T15:27:29 IST" skipped="0">
  <testcase classname="testngxml_study.MyClass2" name="Tc7" time="0.003">
    <system-out>
      <![CDATA[Tc7 is Running]]>
    </system-out>
  </testcase> <!-- Tc7 -->
  <testcase classname="testngxml_study.MyClass2" name="Tc6" time="0.004">
    <system-out>
      <![CDATA[Tc6 is Running]]>
    </system-out>
  </testcase> <!-- Tc6 -->
  <testcase classname="testngxml_study.MyClass2" name="Tc8" time="0.006">
    <system-out>
      <![CDATA[Tc8 is Running]]>
    </system-out>
  </testcase> <!-- Tc8 -->
  <testcase classname="testngxml_study.MyClass2" name="T5" time="0.004">
    <system-out>
      <![CDATA[Tc5 is Running]]>
    </system-out>
  </testcase> <!-- T5 -->
  <system-out>
    <![CDATA[Tc1 is Running
Tc2 is Running
Tc3 is Running
Tc4 is Running
Tc5 is Running
Tc6 is Running
Tc7 is Running
Tc8 is Running]]>
  </system-out>
</testsuite> <!-- testngxml_study.MyClass2 -->
