<?xml version="1.0" encoding="UTF-8"?>
<!-- Generated by org.testng.reporters.JUnitReportReporter -->
<testsuite hostname="DESKTOP-JNHK7VF" failures="0" tests="4" name="testng_keywords.Enabled_Use" time="0.042" errors="0" timestamp="2023-12-20T23:47:42 IST" skipped="1">
  <testcase classname="testng_keywords.Enabled_Use" name="d" time="0.007">
    <system-out>
      <![CDATA[TC d Is Running]]>
    </system-out>
  </testcase> <!-- d -->
  <testcase classname="testng_keywords.Enabled_Use" name="a" time="0.026">
    <system-out>
      <![CDATA[TC a Is Running]]>
    </system-out>
  </testcase> <!-- a -->
  <testcase classname="testng_keywords.Enabled_Use" name="b" time="0.009">
    <system-out>
      <![CDATA[TC b Is Running]]>
    </system-out>
  </testcase> <!-- b -->
  <testcase classname="testng_keywords.Enabled_Use" name="c">
    <skipped/>
  </testcase> <!-- c -->
  <system-out>
    <![CDATA[TC a Is Running
TC b Is Running
TC d Is Running]]>
  </system-out>
</testsuite> <!-- testng_keywords.Enabled_Use -->
