<?xml version="1.0" encoding="UTF-8"?>
<!-- Generated by org.testng.reporters.JUnitReportReporter -->
<testsuite hostname="DESKTOP-JNHK7VF" failures="0" tests="4" name="testng_study.Depends_On_Methods" time="0.046" errors="0" timestamp="2023-12-20T21:06:56 IST" skipped="0">
  <testcase classname="testng_study.Depends_On_Methods" name="cupponcode1" time="0.007">
    <system-out>
      <![CDATA[20% discount is done]]>
    </system-out>
  </testcase> <!-- cupponcode1 -->
  <testcase classname="testng_study.Depends_On_Methods" name="cupponcode2" time="0.024">
    <system-out>
      <![CDATA[50% discount is done]]>
    </system-out>
  </testcase> <!-- cupponcode2 -->
  <testcase classname="testng_study.Depends_On_Methods" name="discount" time="0.008">
    <system-out>
      <![CDATA[discount is used]]>
    </system-out>
  </testcase> <!-- discount -->
  <testcase classname="testng_study.Depends_On_Methods" name="payment" time="0.007">
    <system-out>
      <![CDATA[payment done]]>
    </system-out>
  </testcase> <!-- payment -->
  <system-out>
    <![CDATA[50% discount is done
payment done
20% discount is done
discount is used]]>
  </system-out>
</testsuite> <!-- testng_study.Depends_On_Methods -->
