<?xml version="1.0" encoding="UTF-8"?>
<!-- Generated by org.testng.reporters.JUnitReportReporter -->
<testsuite hostname="DESKTOP-JNHK7VF" failures="0" tests="4" name="testng_keywords.Priority_keyword" time="0.076" errors="0" timestamp="2023-12-19T23:47:46 IST" skipped="0">
  <testcase classname="testng_keywords.Priority_keyword" name="c" time="0.037">
    <system-out>
      <![CDATA[c is jogiing]]>
    </system-out>
  </testcase> <!-- c -->
  <testcase classname="testng_keywords.Priority_keyword" name="b" time="0.014">
    <system-out>
      <![CDATA[b is playing]]>
    </system-out>
  </testcase> <!-- b -->
  <testcase classname="testng_keywords.Priority_keyword" name="a" time="0.012">
    <system-out>
      <![CDATA[a is walking]]>
    </system-out>
  </testcase> <!-- a -->
  <testcase classname="testng_keywords.Priority_keyword" name="d" time="0.013">
    <system-out>
      <![CDATA[d is swimming]]>
    </system-out>
  </testcase> <!-- d -->
  <system-out>
    <![CDATA[c is jogiing
a is walking
b is playing
d is swimming]]>
  </system-out>
</testsuite> <!-- testng_keywords.Priority_keyword -->
