<?xml version="1.0" encoding="UTF-8"?>
<!-- Generated by org.testng.reporters.JUnitReportReporter -->
<testsuite hostname="DESKTOP-JNHK7VF" failures="0" tests="7" name="testng_study.MixedKeywords" time="0.057" errors="0" timestamp="2023-12-20T21:21:17 IST" skipped="1">
  <testcase classname="testng_study.MixedKeywords" name="a" time="0.005">
    <system-out>
      <![CDATA[Tc A is Running]]>
    </system-out>
  </testcase> <!-- a -->
  <testcase classname="testng_study.MixedKeywords" name="e" time="0.016">
    <system-out>
      <![CDATA[Tc E is Running]]>
    </system-out>
  </testcase> <!-- e -->
  <testcase classname="testng_study.MixedKeywords" name="b" time="0.015">
    <system-out>
      <![CDATA[Tc B is Running]]>
    </system-out>
  </testcase> <!-- b -->
  <testcase classname="testng_study.MixedKeywords" name="d" time="0.004">
    <system-out>
      <![CDATA[Tc D is Running]]>
    </system-out>
  </testcase> <!-- d -->
  <testcase classname="testng_study.MixedKeywords" name="d" time="0.014">
    <system-out>
      <![CDATA[Tc D is Running]]>
    </system-out>
  </testcase> <!-- d -->
  <testcase classname="testng_study.MixedKeywords" name="d" time="0.003">
    <system-out>
      <![CDATA[Tc D is Running]]>
    </system-out>
  </testcase> <!-- d -->
  <testcase classname="testng_study.MixedKeywords" name="c">
    <skipped/>
  </testcase> <!-- c -->
  <system-out>
    <![CDATA[Tc B is Running
Tc D is Running
Tc D is Running
Tc D is Running
Tc A is Running
Tc E is Running]]>
  </system-out>
</testsuite> <!-- testng_study.MixedKeywords -->
