<?xml version="1.0" encoding="UTF-8"?>
<!-- Generated by org.testng.reporters.JUnitReportReporter -->
<testsuite hostname="DESKTOP-JNHK7VF" failures="0" tests="1" name="dataprovider.FBAccountFormUsingXmlData" time="56.155" errors="0" timestamp="2023-12-27T14:27:53 IST" skipped="0">
  <testcase classname="dataprovider.FBAccountFormUsingXmlData" name="f" time="56.155"/>
</testsuite> <!-- dataprovider.FBAccountFormUsingXmlData -->
