<?xml version="1.0" encoding="UTF-8"?>
<!-- Generated by org.testng.reporters.JUnitReportReporter -->
<testsuite hostname="DESKTOP-JNHK7VF" failures="0" tests="2" name="testng_study.TestClass1" time="0.110" errors="0" timestamp="2023-12-19T23:19:04 IST" skipped="0">
  <testcase classname="testng_study.TestClass1" name="Tc1" time="0.099">
    <system-out>
      <![CDATA[Running Tc1]]>
    </system-out>
  </testcase> <!-- Tc1 -->
  <testcase classname="testng_study.TestClass1" name="Tc2" time="0.011">
    <system-out>
      <![CDATA[Running Tc2]]>
    </system-out>
  </testcase> <!-- Tc2 -->
  <system-out>
    <![CDATA[BEFORE CLASS IS RUNNING
BEFORE METHOD IS RUNNING
Running Tc1
AFTERE METHOD IS RUNNING
BEFORE METHOD IS RUNNING
Running Tc2
AFTERE METHOD IS RUNNING
AFTER CLASS IS RUNNING
BEFORE CLASS IS RUNNING
BEFORE METHOD IS RUNNING
Running Tc3
AFTERE METHOD IS RUNNING
BEFORE METHOD IS RUNNING
Running Tc4
AFTERE METHOD IS RUNNING
AFTER CLASS IS RUNNING]]>
  </system-out>
</testsuite> <!-- testng_study.TestClass1 -->
