<?xml version="1.0" encoding="UTF-8"?>
<!-- Generated by org.testng.reporters.JUnitReportReporter -->
<testsuite hostname="DESKTOP-JNHK7VF" failures="0" tests="1" name="testNgAssertions.AssertNullNotNull" time="0.022" errors="0" timestamp="2023-12-25T19:13:34 IST" skipped="0">
  <testcase classname="testNgAssertions.AssertNullNotNull" name="f" time="0.022"/>
</testsuite> <!-- testNgAssertions.AssertNullNotNull -->
